Using pre-set license
Desktop is 5760 x 2160 @ 60 Hz

 COMMAND LINE ARGUMENTS:
Unity
-adb2
-batchMode
-noUpm
-name
AssetImportWorker0
-projectPath
/home/aina/Unity/Projects/VR Room - Aina
-logFile
Logs/AssetImportWorker0.log
-srvPort
36615
Successfully changed project path to: /home/aina/Unity/Projects/VR Room - Aina
/home/aina/Unity/Projects/VR Room - Aina
Using Asset Import Pipeline V2.
Refreshing native plugins compatible for Editor in 60.03 ms, found 0 plugins.
Preloading 0 native plugins for Editor in 0.00 ms.
Initialize engine version: 2020.3.1f1 (77a89f25062f)
[Subsystems] Discovering subsystems at path /home/aina/Unity/Hub/Editor/2020.3.1f1/Editor/Data/Resources/UnitySubsystems
[Subsystems] Discovering subsystems at path /home/aina/Unity/Projects/VR Room - Aina/Assets
GLX Extensions: GLX_ARB_context_flush_control GLX_ARB_create_context GLX_ARB_create_context_no_error GLX_ARB_create_context_profile GLX_ARB_create_context_robustness GLX_ARB_fbconfig_float GLX_ARB_framebuffer_sRGB GLX_ARB_get_proc_address GLX_ARB_multisample GLX_EXT_buffer_age GLX_EXT_create_context_es2_profile GLX_EXT_create_context_es_profile GLX_EXT_fbconfig_packed_float GLX_EXT_framebuffer_sRGB GLX_EXT_no_config_context GLX_EXT_swap_control GLX_EXT_swap_control_tear GLX_EXT_texture_from_pixmap GLX_EXT_visual_info GLX_EXT_visual_rating GLX_INTEL_swap_event GLX_MESA_copy_sub_buffer GLX_MESA_query_renderer GLX_MESA_swap_control GLX_OML_swap_method GLX_OML_sync_control GLX_SGIS_multisample GLX_SGIX_fbconfig GLX_SGIX_pbuffer GLX_SGIX_visual_select_group GLX_SGI_make_current_read GLX_SGI_swap_control GLX_SGI_video_sync 
Renderer: Mesa Intel(R) UHD Graphics (CML GT2)
Vendor:   Intel
Version:  4.6 (Core Profile) Mesa 22.2.5-0ubuntu0.1~22.04.3
GLES:     0
 GL_3DFX_texture_compression_FXT1 GL_AMD_conservative_depth GL_AMD_depth_clamp_separate GL_AMD_draw_buffers_blend GL_AMD_gpu_shader_int64 GL_AMD_multi_draw_indirect GL_AMD_performance_monitor GL_AMD_pinned_memory GL_AMD_query_buffer_object GL_AMD_seamless_cubemap_per_texture GL_AMD_shader_stencil_export GL_AMD_shader_trinary_minmax GL_AMD_texture_texture4 GL_AMD_vertex_shader_layer GL_AMD_vertex_shader_viewport_index GL_ANGLE_texture_compression_dxt3 GL_ANGLE_texture_compression_dxt5 GL_ARB_ES2_compatibility GL_ARB_ES3_1_compatibility GL_ARB_ES3_2_compatibility GL_ARB_ES3_compatibility GL_ARB_arrays_of_arrays GL_ARB_base_instance GL_ARB_blend_func_extended GL_ARB_buffer_storage GL_ARB_clear_buffer_object GL_ARB_clear_texture GL_ARB_clip_control GL_ARB_compressed_texture_pixel_storage GL_ARB_compute_shader GL_ARB_compute_variable_group_size GL_ARB_conditional_render_inverted GL_ARB_conservative_depth GL_ARB_copy_buffer GL_ARB_copy_image GL_ARB_cull_distance GL_ARB_debug_output GL_ARB_depth_buffer_float GL_ARB
_depth_clamp GL_ARB_derivative_control GL_ARB_direct_state_access GL_ARB_draw_buffers GL_ARB_draw_buffers_blend GL_ARB_draw_elements_base_vertex GL_ARB_draw_indirect GL_ARB_draw_instanced GL_ARB_enhanced_layouts GL_ARB_explicit_attrib_location GL_ARB_explicit_uniform_location GL_ARB_fragment_coord_conventions GL_ARB_fragment_layer_viewport GL_ARB_fragment_shader GL_ARB_fragment_shader_interlock GL_ARB_framebuffer_no_attachments GL_ARB_framebuffer_object GL_ARB_framebuffer_sRGB GL_ARB_get_program_binary GL_ARB_get_texture_sub_image GL_ARB_gl_spirv GL_ARB_gpu_shader5 GL_ARB_gpu_shader_fp64 GL_ARB_gpu_shader_int64 GL_ARB_half_float_pixel GL_ARB_half_float_vertex GL_ARB_indirect_parameters GL_ARB_instanced_arrays GL_ARB_internalformat_query GL_ARB_internalformat_query2 GL_ARB_invalidate_subdata GL_ARB_map_buffer_alignment GL_ARB_map_buffer_range GL_ARB_multi_bind GL_ARB_multi_draw_indirect GL_ARB_occlusion_query2 GL_ARB_parallel_shader_compile GL_ARB_pipeline_statistics_query GL_ARB_pixel_buffer_object GL_ARB_po
int_sprite GL_ARB_polygon_offset_clamp GL_ARB_post_depth_coverage GL_ARB_program_interface_query GL_ARB_provoking_vertex GL_ARB_query_buffer_object GL_ARB_robust_buffer_access_behavior GL_ARB_robustness GL_ARB_sample_shading GL_ARB_sampler_objects GL_ARB_seamless_cube_map GL_ARB_seamless_cubemap_per_texture GL_ARB_separate_shader_objects GL_ARB_shader_atomic_counter_ops GL_ARB_shader_atomic_counters GL_ARB_shader_ballot GL_ARB_shader_bit_encoding GL_ARB_shader_clock GL_ARB_shader_draw_parameters GL_ARB_shader_group_vote GL_ARB_shader_image_load_store GL_ARB_shader_image_size GL_ARB_shader_objects GL_ARB_shader_precision GL_ARB_shader_stencil_export GL_ARB_shader_storage_buffer_object GL_ARB_shader_subroutine GL_ARB_shader_texture_image_samples GL_ARB_shader_texture_lod GL_ARB_shader_viewport_layer_array GL_ARB_shading_language_420pack GL_ARB_shading_language_include GL_ARB_shading_language_packing GL_ARB_spirv_extensions GL_ARB_stencil_texturing GL_ARB_sync GL_ARB_tessellation_shader GL_ARB_texture_barrier G
L_ARB_texture_buffer_object GL_ARB_texture_buffer_object_rgb32 GL_ARB_texture_buffer_range GL_ARB_texture_compression_bptc GL_ARB_texture_compression_rgtc GL_ARB_texture_cube_map_array GL_ARB_texture_filter_anisotropic GL_ARB_texture_float GL_ARB_texture_gather GL_ARB_texture_mirror_clamp_to_edge GL_ARB_texture_multisample GL_ARB_texture_non_power_of_two GL_ARB_texture_query_levels GL_ARB_texture_query_lod GL_ARB_texture_rectangle GL_ARB_texture_rg GL_ARB_texture_rgb10_a2ui GL_ARB_texture_stencil8 GL_ARB_texture_storage GL_ARB_texture_storage_multisample GL_ARB_texture_swizzle GL_ARB_texture_view GL_ARB_timer_query GL_ARB_transform_feedback2 GL_ARB_transform_feedback3 GL_ARB_transform_feedback_instanced GL_ARB_transform_feedback_overflow_query GL_ARB_uniform_buffer_object GL_ARB_vertex_array_bgra GL_ARB_vertex_array_object GL_ARB_vertex_attrib_64bit GL_ARB_vertex_attrib_binding GL_ARB_vertex_buffer_object GL_ARB_vertex_shader GL_ARB_vertex_type_10f_11f_11f_rev GL_ARB_vertex_type_2_10_10_10_rev GL_ARB_viewpor
t_array GL_ATI_blend_equation_separate GL_ATI_texture_float GL_EXT_EGL_image_storage GL_EXT_EGL_sync GL_EXT_abgr GL_EXT_blend_equation_separate GL_EXT_demote_to_helper_invocation GL_EXT_draw_buffers2 GL_EXT_draw_instanced GL_EXT_framebuffer_blit GL_EXT_framebuffer_multisample GL_EXT_framebuffer_multisample_blit_scaled GL_EXT_framebuffer_object GL_EXT_framebuffer_sRGB GL_EXT_memory_object GL_EXT_memory_object_fd GL_EXT_packed_depth_stencil GL_EXT_packed_float GL_EXT_pixel_buffer_object GL_EXT_polygon_offset_clamp GL_EXT_provoking_vertex GL_EXT_semaphore GL_EXT_semaphore_fd GL_EXT_shader_framebuffer_fetch GL_EXT_shader_framebuffer_fetch_non_coherent GL_EXT_shader_integer_mix GL_EXT_shader_samples_identical GL_EXT_texture_array GL_EXT_texture_compression_dxt1 GL_EXT_texture_compression_rgtc GL_EXT_texture_compression_s3tc GL_EXT_texture_filter_anisotropic GL_EXT_texture_integer GL_EXT_texture_sRGB GL_EXT_texture_sRGB_R8 GL_EXT_texture_sRGB_decode GL_EXT_texture_shadow_lod GL_EXT_texture_shared_exponent GL_EXT_t
exture_snorm GL_EXT_texture_swizzle GL_EXT_timer_query GL_EXT_transform_feedback GL_EXT_vertex_array_bgra GL_EXT_vertex_attrib_64bit GL_IBM_multimode_draw_arrays GL_INTEL_blackhole_render GL_INTEL_conservative_rasterization GL_INTEL_performance_query GL_INTEL_shader_atomic_float_minmax GL_INTEL_shader_integer_functions2 GL_KHR_blend_equation_advanced GL_KHR_blend_equation_advanced_coherent GL_KHR_context_flush_control GL_KHR_debug GL_KHR_no_error GL_KHR_parallel_shader_compile GL_KHR_robust_buffer_access_behavior GL_KHR_robustness GL_KHR_texture_compression_astc_ldr GL_KHR_texture_compression_astc_sliced_3d GL_MESA_framebuffer_flip_y GL_MESA_pack_invert GL_MESA_shader_integer_functions GL_MESA_texture_signed_rgba GL_NV_compute_shader_derivatives GL_NV_conditional_render GL_NV_copy_image GL_NV_depth_clamp GL_NV_fragment_shader_interlock GL_NV_packed_depth_stencil GL_NV_texture_barrier GL_OES_EGL_image GL_S3_s3tc
OPENGL LOG: Creating OpenGL 4.6 graphics device ; Context level  <OpenGL 4.5> ; Context handle -1820187136
Shader 'Universal Render Pipeline/Particles/Lit': fallback shader 'Universal Render Pipeline/Particles/SimpleLit' not found
Initialize mono
Mono path[0] = '/home/aina/Unity/Hub/Editor/2020.3.1f1/Editor/Data/Managed'
Mono path[1] = '/home/aina/Unity/Hub/Editor/2020.3.1f1/Editor/Data/MonoBleedingEdge/lib/mono/unityjit'
Mono config path = '/home/aina/Unity/Hub/Editor/2020.3.1f1/Editor/Data/MonoBleedingEdge/etc'
Using monoOptions --debugger-agent=transport=dt_socket,embedding=1,server=y,suspend=n,address=127.0.0.1:56154
Begin MonoManager ReloadAssembly
Registering precompiled unity dll's ...
Register platform support module: /home/aina/Unity/Hub/Editor/2020.3.1f1/Editor/Data/PlaybackEngines/LinuxStandaloneSupport/UnityEditor.LinuxStandalone.Extensions.dll
Registered in 0.000941 seconds.
Native extension for LinuxStandalone target not found
Refreshing native plugins compatible for Editor in 45.68 ms, found 0 plugins.
Preloading 0 native plugins for Editor in 0.00 ms.
Invoked RoslynAnalysisRunner static constructor.
RoslynAnalysisRunner will not be running.
RoslynAnalysisRunner has terminated.
Mono: successfully reloaded assembly
- Completed reload, in  1.176 seconds
Platform modules already initialized, skipping
Registering precompiled user dll's ...
Registered in 0.005387 seconds.
Begin MonoManager ReloadAssembly
Native extension for LinuxStandalone target not found
Refreshing native plugins compatible for Editor in 60.22 ms, found 0 plugins.
Preloading 0 native plugins for Editor in 0.00 ms.
Invoked RoslynAnalysisRunner static constructor.
RoslynAnalysisRunner will not be running.
RoslynAnalysisRunner has terminated.
Mono: successfully reloaded assembly
- Completed reload, in  0.975 seconds
Platform modules already initialized, skipping
========================================================================
Worker process is ready to serve import requests
Shader 'Universal Render Pipeline/Particles/Lit': fallback shader 'Universal Render Pipeline/Particles/SimpleLit' not found
Launched and connected shader compiler UnityShaderCompiler after 0.01 seconds
Refreshing native plugins compatible for Editor in 0.63 ms, found 0 plugins.
Preloading 0 native plugins for Editor in 0.00 ms.
Unloading 3114 Unused Serialized files (Serialized files now loaded: 0)
System memory in use before: 132.2 MB.
System memory in use after: 132.3 MB.

Unloading 26 unused Assets to reduce memory usage. Loaded Objects now: 3552.
Total: 8.692021 ms (FindLiveObjects: 0.747974 ms CreateObjectMapping: 0.450781 ms MarkObjects: 6.987574 ms  DeleteObjects: 0.502545 ms)

========================================================================
Received Import Request.
  path: Assets/Settings/UniversalRenderPipelineAsset.asset
  artifactKey: Guid(ca51ab8269d7945dd9bbb86c7c9a4ac6) Importer(815301076,1909f56bfc062723c751e8b465ee728b)
Start importing Assets/Settings/UniversalRenderPipelineAsset.asset using Guid(ca51ab8269d7945dd9bbb86c7c9a4ac6) Importer(815301076,1909f56bfc062723c751e8b465ee728b)  -> (artifact id: '45a1709d49ca7a1a47fadf748ea49e04') in 0.022074 seconds
  Import took 0.032624 seconds .

========================================================================
Received Import Request.
  Time since last request: 0.000178 seconds.
  path: Assets/Settings/UniversalRenderPipelineAsset_Renderer.asset
  artifactKey: Guid(d9e88bdd0f5f0462ebf470d8ea4b285e) Importer(815301076,1909f56bfc062723c751e8b465ee728b)
Start importing Assets/Settings/UniversalRenderPipelineAsset_Renderer.asset using Guid(d9e88bdd0f5f0462ebf470d8ea4b285e) Importer(815301076,1909f56bfc062723c751e8b465ee728b)  -> (artifact id: '691868cef9223e0b046c4f8e0ee7292a') in 0.001670 seconds
  Import took 0.008145 seconds .

========================================================================
Received Import Request.
  Time since last request: 450.420853 seconds.
  path: Assets/Settings/New Lighting Settings.lighting
  artifactKey: Guid(ca8404b1a090f35d6adf59f0bc9419b5) Importer(815301076,1909f56bfc062723c751e8b465ee728b)
Start importing Assets/Settings/New Lighting Settings.lighting using Guid(ca8404b1a090f35d6adf59f0bc9419b5) Importer(815301076,1909f56bfc062723c751e8b465ee728b)  -> (artifact id: '6c132839fb3b780fe93c22aab92e6732') in 0.001346 seconds
  Import took 0.007751 seconds .

========================================================================
Received Import Request.
  Time since last request: 0.038043 seconds.
  path: Assets/Settings/New Lighting Settings.lighting
  artifactKey: Guid(ca8404b1a090f35d6adf59f0bc9419b5) Importer(815301076,1909f56bfc062723c751e8b465ee728b)
Start importing Assets/Settings/New Lighting Settings.lighting using Guid(ca8404b1a090f35d6adf59f0bc9419b5) Importer(815301076,1909f56bfc062723c751e8b465ee728b)  -> (artifact id: '6c132839fb3b780fe93c22aab92e6732') in 0.001526 seconds
  Import took 0.010473 seconds .

========================================================================
Received Import Request.
  Time since last request: 3078.894089 seconds.
  path: Assets/_Course Library/_Prefabs/Bins/Bin_Round_Blue.prefab
  artifactKey: Guid(1ce821d9e7282cd498277a5e5cf36f05) Importer(815301076,1909f56bfc062723c751e8b465ee728b)
Start importing Assets/_Course Library/_Prefabs/Bins/Bin_Round_Blue.prefab using Guid(1ce821d9e7282cd498277a5e5cf36f05) Importer(815301076,1909f56bfc062723c751e8b465ee728b)  -> (artifact id: '035d9ad45fac97768266cdefb1ade10e') in 0.170938 seconds
  Import took 0.177162 seconds .

========================================================================
Received Import Request.
  Time since last request: 0.000263 seconds.
  path: Assets/_Course Library/_Prefabs/Rugs/Mat_Round_Brown.prefab
  artifactKey: Guid(fb9ce3f53babdeb4990afa0d85fd4a65) Importer(815301076,1909f56bfc062723c751e8b465ee728b)
Start importing Assets/_Course Library/_Prefabs/Rugs/Mat_Round_Brown.prefab using Guid(fb9ce3f53babdeb4990afa0d85fd4a65) Importer(815301076,1909f56bfc062723c751e8b465ee728b)  -> (artifact id: '8f151fdc4a3ba4c8ec6e915cd9204a3c') in 0.038910 seconds
  Import took 0.043973 seconds .

========================================================================
Received Import Request.
  Time since last request: 0.000152 seconds.
  path: Assets/_Course Library/_Prefabs/Bins/Bin_Round_Brown.prefab
  artifactKey: Guid(aacffe4a73d9b934ea85092756f457ab) Importer(815301076,1909f56bfc062723c751e8b465ee728b)
Start importing Assets/_Course Library/_Prefabs/Bins/Bin_Round_Brown.prefab using Guid(aacffe4a73d9b934ea85092756f457ab) Importer(815301076,1909f56bfc062723c751e8b465ee728b)  -> (artifact id: 'd5dbebc2fa7e9cc3636198ec67898a7f') in 0.014215 seconds
  Import took 0.019928 seconds .

========================================================================
Received Import Request.
  Time since last request: 0.000203 seconds.
  path: Assets/_Course Library/Materials/Physics Materials/PhysicsMaterial_Bounce_Low.physicMaterial
  artifactKey: Guid(9dfce9feba2bb554faaad677ef18812b) Importer(815301076,1909f56bfc062723c751e8b465ee728b)
Start importing Assets/_Course Library/Materials/Physics Materials/PhysicsMaterial_Bounce_Low.physicMaterial using Guid(9dfce9feba2bb554faaad677ef18812b) Importer(815301076,1909f56bfc062723c751e8b465ee728b)  -> (artifact id: 'bd424add0eee8abf3848c88fc2f4e993') in 0.001098 seconds
  Import took 0.005984 seconds .

========================================================================
Received Import Request.
  Time since last request: 0.000214 seconds.
  path: Assets/_Course Library/Models/Launcher_Stapler.fbx
  artifactKey: Guid(bf503a445ac29b1479b29c1dbf0ad594) Importer(815301076,1909f56bfc062723c751e8b465ee728b)
Start importing Assets/_Course Library/Models/Launcher_Stapler.fbx using Guid(bf503a445ac29b1479b29c1dbf0ad594) Importer(815301076,1909f56bfc062723c751e8b465ee728b)  -> (artifact id: '91c5563b8c08757e41c6bd16a9d2990c') in 0.126259 seconds
  Import took 0.137794 seconds .

========================================================================
Received Import Request.
  Time since last request: 0.000209 seconds.
  path: Assets/Challenges/01_Architecture/Terrain/Terrain_Mountains.asset
  artifactKey: Guid(37bc5ad63a1654d94bc13b39a8c5f4ea) Importer(815301076,1909f56bfc062723c751e8b465ee728b)
Start importing Assets/Challenges/01_Architecture/Terrain/Terrain_Mountains.asset using Guid(37bc5ad63a1654d94bc13b39a8c5f4ea) Importer(815301076,1909f56bfc062723c751e8b465ee728b)  -> (artifact id: '11adcc59366c17480a7534298c1c1baa') in 0.017101 seconds
  Import took 0.024344 seconds .

========================================================================
Received Import Request.
  Time since last request: 0.000169 seconds.
  path: Assets/XR/Settings/Open XR Package Settings.asset
  artifactKey: Guid(2b485d7676a7d4b3eba3a764bd60d013) Importer(815301076,1909f56bfc062723c751e8b465ee728b)
Start importing Assets/XR/Settings/Open XR Package Settings.asset using Guid(2b485d7676a7d4b3eba3a764bd60d013) Importer(815301076,1909f56bfc062723c751e8b465ee728b)  -> (artifact id: '02f7ef8400926668ed5989e339eac3ae') in 0.015287 seconds
  Import took 0.022294 seconds .

========================================================================
Received Import Request.
  Time since last request: 0.000274 seconds.
  path: Assets/_Course Library/_Prefabs/Objects/Launchers/Launcher_DartGun.prefab
  artifactKey: Guid(c7826a319a7803941adc8f0a090f1f38) Importer(815301076,1909f56bfc062723c751e8b465ee728b)
Start importing Assets/_Course Library/_Prefabs/Objects/Launchers/Launcher_DartGun.prefab using Guid(c7826a319a7803941adc8f0a090f1f38) Importer(815301076,1909f56bfc062723c751e8b465ee728b)  -> (artifact id: '847de6ac72de263f6ffb6cc14c0807fe') in 0.032114 seconds
  Import took 0.037753 seconds .

========================================================================
Received Import Request.
  Time since last request: 0.000277 seconds.
  path: Assets/_Course Library/Materials/Physics Materials/PhysicsMaterial_Bounce_High.physicMaterial
  artifactKey: Guid(acb78fcb0450e4fb8b9fb4a2efa13fac) Importer(815301076,1909f56bfc062723c751e8b465ee728b)
Start importing Assets/_Course Library/Materials/Physics Materials/PhysicsMaterial_Bounce_High.physicMaterial using Guid(acb78fcb0450e4fb8b9fb4a2efa13fac) Importer(815301076,1909f56bfc062723c751e8b465ee728b)  -> (artifact id: '1b228e2d2aabbd4cddd184e500ad9081') in 0.001206 seconds
  Import took 0.007497 seconds .

========================================================================
Received Import Request.
  Time since last request: 0.000330 seconds.
  path: Assets/_Course Library/_Prefabs/Bins/Bin_Round_White.prefab
  artifactKey: Guid(f53b75d63a0f12e4f9207b643d400e0c) Importer(815301076,1909f56bfc062723c751e8b465ee728b)
Start importing Assets/_Course Library/_Prefabs/Bins/Bin_Round_White.prefab using Guid(f53b75d63a0f12e4f9207b643d400e0c) Importer(815301076,1909f56bfc062723c751e8b465ee728b)  -> (artifact id: '3568e5e89500b2aa083f51c8b4fcf13d') in 0.033187 seconds
  Import took 0.044185 seconds .

========================================================================
Received Import Request.
  Time since last request: 0.000283 seconds.
  path: Assets/_Course Library/Models/Launcher_Dart.fbx
  artifactKey: Guid(2acafd95d729d5042b127656b965d6c6) Importer(815301076,1909f56bfc062723c751e8b465ee728b)
Start importing Assets/_Course Library/Models/Launcher_Dart.fbx using Guid(2acafd95d729d5042b127656b965d6c6) Importer(815301076,1909f56bfc062723c751e8b465ee728b)  -> (artifact id: 'c6fa64d5b8f05f4ffa5352f4b0cbd99e') in 0.013031 seconds
  Import took 0.018738 seconds .

========================================================================
Received Import Request.
  Time since last request: 0.000215 seconds.
  path: Assets/_Course Library/Materials/Physics Materials/PhysicsMaterial_Bounce_Medium.physicMaterial
  artifactKey: Guid(e654b37fdb1572b448b120296457ac63) Importer(815301076,1909f56bfc062723c751e8b465ee728b)
Start importing Assets/_Course Library/Materials/Physics Materials/PhysicsMaterial_Bounce_Medium.physicMaterial using Guid(e654b37fdb1572b448b120296457ac63) Importer(815301076,1909f56bfc062723c751e8b465ee728b)  -> (artifact id: 'cdee49e71e4387a4596f90a6eb0d7890') in 0.001500 seconds
  Import took 0.010820 seconds .

========================================================================
Received Import Request.
  Time since last request: 0.000265 seconds.
  path: Assets/_Course Library/_Prefabs/Objects/Launchers/Launcher_Stapler.prefab
  artifactKey: Guid(891b1af7c2150f94f95fdcac2bcc28e4) Importer(815301076,1909f56bfc062723c751e8b465ee728b)
Start importing Assets/_Course Library/_Prefabs/Objects/Launchers/Launcher_Stapler.prefab using Guid(891b1af7c2150f94f95fdcac2bcc28e4) Importer(815301076,1909f56bfc062723c751e8b465ee728b)  -> (artifact id: '0b324b7456f738796a473932663be39a') in 0.031825 seconds
  Import took 0.038417 seconds .

========================================================================
Received Import Request.
  Time since last request: 0.000213 seconds.
  path: Assets/Challenges/01_Architecture/Terrain/Terrain_Data_Mountains.asset
  artifactKey: Guid(baef3112151e3476f959f4093f7f0725) Importer(815301076,1909f56bfc062723c751e8b465ee728b)
Start importing Assets/Challenges/01_Architecture/Terrain/Terrain_Data_Mountains.asset using Guid(baef3112151e3476f959f4093f7f0725) Importer(815301076,1909f56bfc062723c751e8b465ee728b)  -> (artifact id: '5660249457dbbf1d701b9b426775ce1b') in 0.010163 seconds
  Import took 0.018163 seconds .

========================================================================
Received Import Request.
  Time since last request: 21.859199 seconds.
  path: Assets/Settings/UniversalRenderPipelineAsset.asset
  artifactKey: Guid(ca51ab8269d7945dd9bbb86c7c9a4ac6) Importer(815301076,1909f56bfc062723c751e8b465ee728b)
Start importing Assets/Settings/UniversalRenderPipelineAsset.asset using Guid(ca51ab8269d7945dd9bbb86c7c9a4ac6) Importer(815301076,1909f56bfc062723c751e8b465ee728b)  -> (artifact id: '484311521b4c5212b0166e10b75e9026') in 0.004700 seconds
  Import took 0.016692 seconds .

========================================================================
Received Import Request.
  Time since last request: 0.002256 seconds.
  path: Assets/Settings/UniversalRenderPipelineAsset.asset
  artifactKey: Guid(ca51ab8269d7945dd9bbb86c7c9a4ac6) Importer(815301076,1909f56bfc062723c751e8b465ee728b)
Start importing Assets/Settings/UniversalRenderPipelineAsset.asset using Guid(ca51ab8269d7945dd9bbb86c7c9a4ac6) Importer(815301076,1909f56bfc062723c751e8b465ee728b)  -> (artifact id: '484311521b4c5212b0166e10b75e9026') in 0.002659 seconds
  Import took 0.014509 seconds .

AssetImportWorkerClient::OnTransportError - code=2 error=End of file
